{
  "instance_id": "pydata__xarray-7229",
  "edit_test_file": "xarray/tests/test_duck_array_ops.py",
  "code_patch": "diff --git a/xarray/core/computation.py b/xarray/core/computation.py\nindex 3f7e8f7..2ad49c6 100644\n--- a/xarray/core/computation.py\n+++ b/xarray/core/computation.py\n@@ -1789,7 +1789,7 @@ def where(cond, x, y, keep_attrs=None):\n     y : scalar, array, Variable, DataArray or Dataset\n         values to choose from where `cond` is False\n     keep_attrs : bool or str or callable, optional\n-        How to treat attrs. If True, keep the attrs of `x`.\n+        How to treat attrs. If True, keep the attrs of `x` and coordinate attributes.\n \n     Returns\n     -------\n@@ -1860,7 +1860,13 @@ def where(cond, x, y, keep_attrs=None):\n     if keep_attrs is True:\n         # keep the attributes of x, the second parameter, by default to\n         # be consistent with the `where` method of `DataArray` and `Dataset`\n-        keep_attrs = lambda attrs, context: getattr(x, \"attrs\", {})\n+        # Also ensure coordinate attributes are preserved\n+        def keep_attrs(attrs, context):\n+            result_attrs = getattr(x, \"attrs\", {}).copy()\n+            for coord in x.coords:\n+                if coord in context.coords:\n+                    result_attrs.update(context.coords[coord].attrs)\n+            return result_attrs\n \n     # alignment for three arguments is complicated, so don't support it yet\n     return apply_ufunc(\n",
  "test_patch": "diff --git a/xarray/tests/test_where_keep_attrs.py b/xarray/tests/test_where_keep_attrs.py\nnew file mode 100644\nindex 0000000..e24bd72\n--- /dev/null\n+++ b/xarray/tests/test_where_keep_attrs.py\n@@ -0,0 +1,33 @@\n+import xarray as xr\n+import numpy as np\n+import unittest\n+\n+class TestWhereKeepAttrs(unittest.TestCase):\n+    def test_where_keep_attrs_overwrites_coordinates(self):\n+        ds = xr.tutorial.load_dataset(\"air_temperature\")\n+        result_attrs = xr.where(True, ds.air, ds.air, keep_attrs=True).time.attrs\n+\n+        # The test should pass if the issue is observed, i.e., coordinate attributes are overwritten\n+        expected_attrs = {\n+            'long_name': '4xDaily Air temperature at sigma level 995',\n+            'units': 'degK',\n+            'precision': 2,\n+            'GRIB_id': 11,\n+            'GRIB_name': 'TMP',\n+            'var_desc': 'Air temperature',\n+            'dataset': 'NMC Reanalysis',\n+            'level_desc': 'Surface',\n+            'statistic': 'Individual Obs',\n+            'parent_stat': 'Other',\n+            'actual_range': np.array([185.16, 322.1], dtype=np.float32)\n+        }\n+\n+        # Check if the attributes are overwritten as expected\n+        for key, value in expected_attrs.items():\n+            if isinstance(value, np.ndarray):\n+                np.testing.assert_array_equal(result_attrs.get(key), value)\n+            else:\n+                self.assertEqual(result_attrs.get(key), value)\n+\n+if __name__ == \"__main__\":\n+    unittest.main()\n\\ No newline at end of file\n",
  "test_inverted_patch": "diff --git a/xarray/tests/test_where_keep_attrs_inverted.py b/xarray/tests/test_where_keep_attrs_inverted.py\nnew file mode 100644\nindex 0000000..8fb914e\n--- /dev/null\n+++ b/xarray/tests/test_where_keep_attrs_inverted.py\n@@ -0,0 +1,28 @@\n+import xarray as xr\n+import numpy as np\n+import unittest\n+\n+class TestWhereKeepAttrs(unittest.TestCase):\n+    def test_where_keep_attrs_overwrites_coordinates(self):\n+        ds = xr.tutorial.load_dataset(\"air_temperature\")\n+        result_attrs = xr.where(True, ds.air, ds.air, keep_attrs=True).time.attrs\n+\n+        # The test should fail if the issue is observed, i.e., coordinate attributes are overwritten\n+        expected_attrs = {\n+            'standard_name': 'time',\n+            'long_name': 'Time'\n+        }\n+\n+        # Check if the attributes are preserved as expected\n+        for key, value in expected_attrs.items():\n+            if isinstance(value, np.ndarray):\n+                try:\n+                    np.testing.assert_array_equal(result_attrs.get(key), value)\n+                except AssertionError:\n+                    raise AssertionError(\"__BUG__HERE__\")\n+            else:\n+                if result_attrs.get(key) != value:\n+                    raise AssertionError(\"__BUG__HERE__\")\n+\n+if __name__ == \"__main__\":\n+    unittest.main()\n\\ No newline at end of file\n",
  "num_sent_chars": 2371459,
  "num_received_chars": 81417,
  "elapsed_time": 817.5124342441559,
  "lint_repair_count": 0,
  "test_generation_attempts": 0,
  "code_generation_attempts": 9,
  "pass_to_pass": true,
  "pass_to_fail": true,
  "fail_to_pass": false,
  "code_patch_score": 2,
  "appmap_data_test_status": "PASSED",
  "appmap_data_file_count": 1,
  "appmap_data_context_size": 204056
}