{
  "edit_test_file": "testing/test_faulthandler.py",
  "test_patch": "diff --git a/testing/test_compile_expression_crash.py b/testing/test_compile_expression_crash.py\nnew file mode 100644\nindex 0000000..4e2d1aa\n--- /dev/null\n+++ b/testing/test_compile_expression_crash.py\n@@ -0,0 +1,20 @@\n+import pytest\n+from _pytest.mark.expression import Expression\n+import subprocess\n+import sys\n+\n+def test_compile_expression_crash():\n+    \"\"\"Test that compiling 'False' in an expression crashes the interpreter.\"\"\"\n+    script = \"\"\"\n+import sys\n+from _pytest.mark.expression import Expression\n+\n+try:\n+    Expression.compile(\"False\")\n+except AssertionError as e:\n+    sys.exit(1)\n+else:\n+    sys.exit(0)\n+\"\"\"\n+    result = subprocess.run([sys.executable, \"-c\", script], capture_output=True)\n+    assert result.returncode == 1, \"Expected interpreter crash with AssertionError\"\n\\ No newline at end of file\n",
  "inverted_patch": "diff --git a/testing/test_compile_expression_crash_inverted.py b/testing/test_compile_expression_crash_inverted.py\nnew file mode 100644\nindex 0000000..b2c7df2\n--- /dev/null\n+++ b/testing/test_compile_expression_crash_inverted.py\n@@ -0,0 +1,20 @@\n+import pytest\n+from _pytest.mark.expression import Expression\n+import subprocess\n+import sys\n+\n+def test_compile_expression_crash():\n+    \"\"\"Test that compiling 'False' in an expression crashes the interpreter.\"\"\"\n+    script = \"\"\"\n+import sys\n+from _pytest.mark.expression import Expression\n+\n+try:\n+    Expression.compile(\"False\")\n+except AssertionError as e:\n+    sys.exit(0)  # Change to 0 to indicate the test should fail when the bug is present\n+else:\n+    sys.exit(1)\n+\"\"\"\n+    result = subprocess.run([sys.executable, \"-c\", script], capture_output=True)\n+    assert result.returncode == 0, \"__BUG__HERE__\"\n\\ No newline at end of file\n"
}