{
  "edit_test_file": "sklearn/tests/test_base.py",
  "test_patch": "diff --git a/sklearn/tests/test_clone_estimator_types.py b/sklearn/tests/test_clone_estimator_types.py\nnew file mode 100644\nindex 0000000..37d68f5\n--- /dev/null\n+++ b/sklearn/tests/test_clone_estimator_types.py\n@@ -0,0 +1,13 @@\n+import numpy as np\n+from sklearn.base import BaseEstimator, clone\n+from sklearn.preprocessing import StandardScaler\n+from sklearn.utils.testing import assert_raises\n+\n+\n+def test_clone_estimator_type_parameter():\n+    \"\"\"Test that clone fails when a parameter is an estimator type instead of instance.\"\"\"\n+    # Create a StandardScaler with another StandardScaler class (not instance) as parameter\n+    scaler = StandardScaler(with_mean=StandardScaler)\n+    \n+    # Attempting to clone this should raise TypeError about get_params() missing 'self'\n+    assert_raises(TypeError, clone, scaler)\n\\ No newline at end of file\n",
  "inverted_patch": "diff --git a/sklearn/tests/test_clone_estimator_types_inverted.py b/sklearn/tests/test_clone_estimator_types_inverted.py\nnew file mode 100644\nindex 0000000..eae0657\n--- /dev/null\n+++ b/sklearn/tests/test_clone_estimator_types_inverted.py\n@@ -0,0 +1,21 @@\n+import numpy as np\n+from sklearn.base import BaseEstimator, clone\n+from sklearn.preprocessing import StandardScaler\n+\n+\n+def test_clone_estimator_type_parameter():\n+    \"\"\"Test that clone should handle estimator type parameters correctly.\"\"\"\n+    # Create a StandardScaler with another StandardScaler class (not instance) as parameter\n+    scaler = StandardScaler(with_mean=StandardScaler)\n+    \n+    try:\n+        # Attempt to clone the scaler\n+        cloned_scaler = clone(scaler)\n+    except TypeError as e:\n+        if \"get_params() missing 1 required positional argument: 'self'\" in str(e):\n+            raise AssertionError(\"__BUG__HERE__\")\n+        raise e  # Re-raise if it's a different TypeError\n+    \n+    # If we get here (no TypeError raised), the test should still fail\n+    # because the bug wasn't detected\n+    raise AssertionError(\"__BUG__HERE__\")\n\\ No newline at end of file\n"
}